
[2021-05-23 20:22:28,386]
'csvDataXlsx/biometric_type.xlsx'

[2021-05-23 20:22:28,386]
{'errors': [],
 'id': None,
 'metadata': None,
 'response': {'category': 'masterdata',
              'logs': None,
              'operation': 'insert',
              'status': 'COMPLETED',
              'statusDescription': None,
              'successCount': 1,
              'tableName': 'biometric_type',
              'timeStamp': '2021-05-23T14:52:28.428923',
              'transcationId': '4cb01040-2dfd-47e5-8667-1fb9b7bde5e3',
              'uploadedBy': 'lalith'},
 'responsetime': '2021-05-23T14:52:27.616Z',
 'version': None}

[2021-05-23 20:22:28,856]
'csvDataXlsx/blacklisted_words.xlsx'

[2021-05-23 20:22:28,857]
{'errors': [],
 'id': None,
 'metadata': None,
 'response': {'category': 'masterdata',
              'logs': None,
              'operation': 'insert',
              'status': 'COMPLETED',
              'statusDescription': None,
              'successCount': 1,
              'tableName': 'blacklisted_words',
              'timeStamp': '2021-05-23T14:52:28.921877',
              'transcationId': 'fa976ef2-b638-456f-8c7c-ef2cbacb5fdc',
              'uploadedBy': 'lalith'},
 'responsetime': '2021-05-23T14:52:28.721Z',
 'version': None}

[2021-05-23 20:22:29,357]
'csvDataXlsx/device_type.xlsx'

[2021-05-23 20:22:29,358]
{'errors': [],
 'id': None,
 'metadata': None,
 'response': {'category': 'masterdata',
              'logs': None,
              'operation': 'insert',
              'status': 'FAILED',
              'statusDescription': '[io.mosip.kernel.core.dataaccess.exception.DataAccessLayerException: '
                                   'KER-DAH-001 --> '
                                   'org.hibernate.exception.ConstraintViolationException: '
                                   'could not execute statement; \n'
                                   'nested exception is '
                                   'javax.persistence.PersistenceException: '
                                   'org.hibernate.exceptio]',
              'successCount': 1,
              'tableName': 'device_type',
              'timeStamp': '2021-05-23T14:52:29.417243',
              'transcationId': '61336e22-e57b-4cba-9899-baaeb43f999f',
              'uploadedBy': 'lalith'},
 'responsetime': '2021-05-23T14:52:29.191Z',
 'version': None}

[2021-05-23 20:22:29,858]
'csvDataXlsx/doc_category.xlsx'

[2021-05-23 20:22:29,858]
{'errors': [],
 'id': None,
 'metadata': None,
 'response': {'category': 'masterdata',
              'logs': None,
              'operation': 'insert',
              'status': 'FAILED',
              'statusDescription': '[io.mosip.admin.packetstatusupdater.exception.RequestException: '
                                   'ADM-BLK-003 --> Duplicate Record\n'
                                   '\tat '
                                   'io.mosip.admin.config.RepositoryListItemWriter.doWrite(RepositoryListItemWriter.java:87)\n'
                                   '\tat '
                                   'io.mosip.admin.config.RepositoryListItemWriter.write(Repo]',
              'successCount': 3,
              'tableName': 'doc_category',
              'timeStamp': '2021-05-23T14:52:29.912989',
              'transcationId': 'e695fa9a-d71c-4a36-8be9-e3e9c6a8a052',
              'uploadedBy': 'lalith'},
 'responsetime': '2021-05-23T14:52:29.690Z',
 'version': None}

[2021-05-23 20:22:30,375]
'csvDataXlsx/doc_type.xlsx'

[2021-05-23 20:22:30,376]
{'errors': [],
 'id': None,
 'metadata': None,
 'response': {'category': 'masterdata',
              'logs': None,
              'operation': 'insert',
              'status': 'FAILED',
              'statusDescription': '[io.mosip.kernel.core.dataaccess.exception.DataAccessLayerException: '
                                   'KER-DAH-001 --> '
                                   'org.hibernate.exception.ConstraintViolationException: '
                                   'could not execute statement; \n'
                                   'nested exception is '
                                   'javax.persistence.PersistenceException: '
                                   'org.hibernate.exceptio]',
              'successCount': 3,
              'tableName': 'doc_type',
              'timeStamp': '2021-05-23T14:52:30.421583',
              'transcationId': 'c1294381-3f40-4b3d-b74d-69f0d03da37a',
              'uploadedBy': 'lalith'},
 'responsetime': '2021-05-23T14:52:30.192Z',
 'version': None}

[2021-05-23 20:22:30,862]
'csvDataXlsx/gender.xlsx'

[2021-05-23 20:22:30,862]
{'errors': [],
 'id': None,
 'metadata': None,
 'response': {'category': 'masterdata',
              'logs': None,
              'operation': 'insert',
              'status': 'COMPLETED',
              'statusDescription': None,
              'successCount': 3,
              'tableName': 'gender',
              'timeStamp': '2021-05-23T14:52:30.919174',
              'transcationId': '32938df9-67b4-40e1-a615-7f378a9e6b3e',
              'uploadedBy': 'lalith'},
 'responsetime': '2021-05-23T14:52:30.712Z',
 'version': None}

[2021-05-23 20:22:31,340]
'csvDataXlsx/id_type.xlsx'

[2021-05-23 20:22:31,341]
{'errors': [],
 'id': None,
 'metadata': None,
 'response': {'category': 'masterdata',
              'logs': None,
              'operation': 'insert',
              'status': 'COMPLETED',
              'statusDescription': None,
              'successCount': 1,
              'tableName': 'id_type',
              'timeStamp': '2021-05-23T14:52:31.405848',
              'transcationId': '3e72e81a-eb46-4bbf-961f-d733a2ea3a9b',
              'uploadedBy': 'lalith'},
 'responsetime': '2021-05-23T14:52:31.198Z',
 'version': None}

[2021-05-23 20:22:31,818]
'csvDataXlsx/language.xlsx'

[2021-05-23 20:22:31,819]
{'errors': [],
 'id': None,
 'metadata': None,
 'response': {'category': 'masterdata',
              'logs': None,
              'operation': 'insert',
              'status': 'COMPLETED',
              'statusDescription': None,
              'successCount': 1,
              'tableName': 'language',
              'timeStamp': '2021-05-23T14:52:31.884196',
              'transcationId': '3d2ce61d-b6fc-4d22-9dc1-1a16665be725',
              'uploadedBy': 'lalith'},
 'responsetime': '2021-05-23T14:52:31.673Z',
 'version': None}

[2021-05-23 20:22:32,351]
'csvDataXlsx/machine_type.xlsx'

[2021-05-23 20:22:32,352]
{'errors': [],
 'id': None,
 'metadata': None,
 'response': {'category': 'masterdata',
              'logs': None,
              'operation': 'insert',
              'status': 'COMPLETED',
              'statusDescription': None,
              'successCount': 4,
              'tableName': 'machine_type',
              'timeStamp': '2021-05-23T14:52:32.403964',
              'transcationId': '87631cc4-27e3-4123-8d12-cbecd6865ec1',
              'uploadedBy': 'lalith'},
 'responsetime': '2021-05-23T14:52:32.151Z',
 'version': None}

[2021-05-23 20:22:32,853]
'csvDataXlsx/module_detail.xlsx'

[2021-05-23 20:22:32,854]
{'errors': [],
 'id': None,
 'metadata': None,
 'response': {'category': 'masterdata',
              'logs': None,
              'operation': 'insert',
              'status': 'COMPLETED',
              'statusDescription': None,
              'successCount': 1,
              'tableName': 'module_detail',
              'timeStamp': '2021-05-23T14:52:32.882079',
              'transcationId': '23130553-1711-4d38-b6fe-9c9919ae62c7',
              'uploadedBy': 'lalith'},
 'responsetime': '2021-05-23T14:52:32.685Z',
 'version': None}

[2021-05-23 20:22:33,361]
'csvDataXlsx/reason_category.xlsx'

[2021-05-23 20:22:33,362]
{'errors': [],
 'id': None,
 'metadata': None,
 'response': {'category': 'masterdata',
              'logs': None,
              'operation': 'insert',
              'status': 'COMPLETED',
              'statusDescription': None,
              'successCount': 1,
              'tableName': 'reason_category',
              'timeStamp': '2021-05-23T14:52:33.419547',
              'transcationId': 'dc833603-2b67-49e0-bec9-2bed1f195db0',
              'uploadedBy': 'lalith'},
 'responsetime': '2021-05-23T14:52:33.182Z',
 'version': None}

[2021-05-23 20:22:33,676]
'csvDataXlsx/reg_center_type.xlsx'

[2021-05-23 20:22:33,677]
{'errors': [{'errorCode': 'ADM-BLK-002',
             'message': 'invalid field mentioned.The exception occured at line '
                        'number 1'}],
 'id': None,
 'metadata': None,
 'response': None,
 'responsetime': '2021-05-23T14:52:33.779Z',
 'version': None}

[2021-05-23 20:22:34,150]
'csvDataXlsx/template_file_format.xlsx'

[2021-05-23 20:22:34,150]
{'errors': [],
 'id': None,
 'metadata': None,
 'response': {'category': 'masterdata',
              'logs': None,
              'operation': 'insert',
              'status': 'COMPLETED',
              'statusDescription': None,
              'successCount': 1,
              'tableName': 'template_file_format',
              'timeStamp': '2021-05-23T14:52:34.210926',
              'transcationId': 'e4d9241c-5a44-4777-b29b-9520a06e5553',
              'uploadedBy': 'lalith'},
 'responsetime': '2021-05-23T14:52:34.004Z',
 'version': None}

[2021-05-23 20:22:34,623]
'csvDataXlsx/template_type.xlsx'

[2021-05-23 20:22:34,624]
{'errors': [],
 'id': None,
 'metadata': None,
 'response': {'category': 'masterdata',
              'logs': None,
              'operation': 'insert',
              'status': 'COMPLETED',
              'statusDescription': None,
              'successCount': 1,
              'tableName': 'template_type',
              'timeStamp': '2021-05-23T14:52:34.682321',
              'transcationId': '0379bfc3-8713-48eb-bffe-2ad66c3da8a8',
              'uploadedBy': 'lalith'},
 'responsetime': '2021-05-23T14:52:34.481Z',
 'version': None}

[2021-05-23 20:22:35,114]
'csvDataXlsx/title.xlsx'

[2021-05-23 20:22:35,114]
{'errors': [],
 'id': None,
 'metadata': None,
 'response': {'category': 'masterdata',
              'logs': None,
              'operation': 'insert',
              'status': 'COMPLETED',
              'statusDescription': None,
              'successCount': 1,
              'tableName': 'title',
              'timeStamp': '2021-05-23T14:52:35.175790',
              'transcationId': '539c0630-3258-4f5d-83db-d6f2cf0d56d7',
              'uploadedBy': 'lalith'},
 'responsetime': '2021-05-23T14:52:34.955Z',
 'version': None}

[2021-05-23 20:22:35,625]
'csvDataXlsx/individual_type.xlsx'

[2021-05-23 20:22:35,626]
{'errors': [],
 'id': None,
 'metadata': None,
 'response': {'category': 'masterdata',
              'logs': None,
              'operation': 'insert',
              'status': 'COMPLETED',
              'statusDescription': None,
              'successCount': 3,
              'tableName': 'individual_type',
              'timeStamp': '2021-05-23T14:52:35.687774',
              'transcationId': 'e06c24e7-f3bd-4dea-8c23-abf0db5b8af5',
              'uploadedBy': 'lalith'},
 'responsetime': '2021-05-23T14:52:35.442Z',
 'version': None}

[2021-05-23 20:22:36,127]
'csvDataXlsx/zone.xlsx'

[2021-05-23 20:22:36,128]
{'errors': [],
 'id': None,
 'metadata': None,
 'response': {'category': 'masterdata',
              'logs': None,
              'operation': 'insert',
              'status': 'COMPLETED',
              'statusDescription': None,
              'successCount': 1,
              'tableName': 'zone',
              'timeStamp': '2021-05-23T14:52:36.172649',
              'transcationId': '128f99ce-b8d4-4b48-abdb-652d6653fa51',
              'uploadedBy': 'lalith'},
 'responsetime': '2021-05-23T14:52:35.957Z',
 'version': None}

[2021-05-23 20:22:36,439]
'csvDataXlsx/daysofweek_list.xlsx'

[2021-05-23 20:22:36,439]
{'errors': [{'errorCode': 'ADM-BLK-002',
             'message': 'invalid field mentioned.The exception occured at line '
                        'number 1'}],
 'id': None,
 'metadata': None,
 'response': None,
 'responsetime': '2021-05-23T14:52:36.543Z',
 'version': None}

[2021-05-23 20:22:36,921]
'csvDataXlsx/loc_hierarchy_list.xlsx'

[2021-05-23 20:22:36,921]
{'errors': [],
 'id': None,
 'metadata': None,
 'response': {'category': 'masterdata',
              'logs': None,
              'operation': 'insert',
              'status': 'COMPLETED',
              'statusDescription': None,
              'successCount': 5,
              'tableName': 'loc_hierarchy_list',
              'timeStamp': '2021-05-23T14:52:36.974148',
              'transcationId': 'cd6fadaa-ff51-429b-b79f-08459ec19706',
              'uploadedBy': 'lalith'},
 'responsetime': '2021-05-23T14:52:36.768Z',
 'version': None}

[2021-05-23 20:22:37,223]
'csvDataXlsx/dynamic_field.xlsx'

[2021-05-23 20:22:37,223]
{'errors': [{'errorCode': 'ADM-BLK-002',
             'message': 'invalid field mentioned.The exception occured at line '
                        'number 1'}],
 'id': None,
 'metadata': None,
 'response': None,
 'responsetime': '2021-05-23T14:52:37.326Z',
 'version': None}

[2021-05-23 20:22:37,753]
'csvDataXlsx/location.xlsx'

[2021-05-23 20:22:37,754]
{'errors': [],
 'id': None,
 'metadata': None,
 'response': {'category': 'masterdata',
              'logs': None,
              'operation': 'insert',
              'status': 'FAILED',
              'statusDescription': '[io.mosip.kernel.core.dataaccess.exception.DataAccessLayerException: '
                                   'KER-DAH-001 --> '
                                   'org.hibernate.exception.ConstraintViolationException: '
                                   'could not execute statement; \n'
                                   'nested exception is '
                                   'javax.persistence.PersistenceException: '
                                   'org.hibernate.exceptio]',
              'successCount': 1,
              'tableName': 'location',
              'timeStamp': '2021-05-23T14:52:37.782166',
              'transcationId': 'b5db6069-df7c-4adb-b303-599ebda06d94',
              'uploadedBy': 'lalith'},
 'responsetime': '2021-05-23T14:52:37.554Z',
 'version': None}

[2021-05-23 20:22:38,264]
'csvDataXlsx/biometric_attribute.xlsx'

[2021-05-23 20:22:38,264]
{'errors': [],
 'id': None,
 'metadata': None,
 'response': {'category': 'masterdata',
              'logs': None,
              'operation': 'insert',
              'status': 'FAILED',
              'statusDescription': '[io.mosip.kernel.core.dataaccess.exception.DataAccessLayerException: '
                                   'KER-DAH-001 --> '
                                   'org.hibernate.exception.ConstraintViolationException: '
                                   'could not execute statement; \n'
                                   'nested exception is '
                                   'javax.persistence.PersistenceException: '
                                   'org.hibernate.exceptio]',
              'successCount': 7,
              'tableName': 'biometric_attribute',
              'timeStamp': '2021-05-23T14:52:38.330896',
              'transcationId': 'd66e2ff5-9a47-4016-9479-e1eab8c1c9ef',
              'uploadedBy': 'lalith'},
 'responsetime': '2021-05-23T14:52:38.117Z',
 'version': None}

[2021-05-23 20:22:38,582]
'csvDataXlsx/device_spec.xlsx'

[2021-05-23 20:22:38,582]
{'errors': [{'errorCode': 'ADM-BLK-002',
             'message': 'invalid field mentioned.The exception occured at line '
                        'number 1'}],
 'id': None,
 'metadata': None,
 'response': None,
 'responsetime': '2021-05-23T14:52:38.685Z',
 'version': None}

[2021-05-23 20:22:38,873]
'csvDataXlsx/loc_holiday.xlsx'

[2021-05-23 20:22:38,873]
{'errors': [{'errorCode': 'ADM-BLK-002',
             'message': 'invalid field mentioned.The exception occured at line '
                        'number 1'}],
 'id': None,
 'metadata': None,
 'response': None,
 'responsetime': '2021-05-23T14:52:38.977Z',
 'version': None}

[2021-05-23 20:22:39,329]
'csvDataXlsx/machine_spec.xlsx'

[2021-05-23 20:22:39,329]
{'errors': [],
 'id': None,
 'metadata': None,
 'response': {'category': 'masterdata',
              'logs': None,
              'operation': 'insert',
              'status': 'FAILED',
              'statusDescription': '[io.mosip.kernel.core.dataaccess.exception.DataAccessLayerException: '
                                   'KER-DAH-001 --> '
                                   'org.hibernate.exception.ConstraintViolationException: '
                                   'could not execute statement; \n'
                                   'nested exception is '
                                   'javax.persistence.PersistenceException: '
                                   'org.hibernate.exceptio]',
              'successCount': 14,
              'tableName': 'machine_spec',
              'timeStamp': '2021-05-23T14:52:39.393373',
              'transcationId': '3a7ea5bc-03ff-4882-a4cb-b4322458b249',
              'uploadedBy': 'lalith'},
 'responsetime': '2021-05-23T14:52:39.206Z',
 'version': None}

[2021-05-23 20:22:39,787]
'csvDataXlsx/reason_list.xlsx'

[2021-05-23 20:22:39,788]
{'errors': [],
 'id': None,
 'metadata': None,
 'response': {'category': 'masterdata',
              'logs': None,
              'operation': 'insert',
              'status': 'FAILED',
              'statusDescription': '[io.mosip.kernel.core.dataaccess.exception.DataAccessLayerException: '
                                   'KER-DAH-001 --> '
                                   'org.hibernate.exception.ConstraintViolationException: '
                                   'could not execute statement; \n'
                                   'nested exception is '
                                   'javax.persistence.PersistenceException: '
                                   'org.hibernate.exceptio]',
              'successCount': 1,
              'tableName': 'reason_list',
              'timeStamp': '2021-05-23T14:52:39.853432',
              'transcationId': 'bb80356b-f744-4c3c-afed-6fb7041597e6',
              'uploadedBy': 'lalith'},
 'responsetime': '2021-05-23T14:52:39.660Z',
 'version': None}

[2021-05-23 20:22:40,385]
'csvDataXlsx/registration_center.1.xlsx'

[2021-05-23 20:22:40,386]
{'errors': [],
 'id': None,
 'metadata': None,
 'response': {'category': 'masterdata',
              'logs': None,
              'operation': 'insert',
              'status': 'FAILED',
              'statusDescription': '[io.mosip.kernel.core.dataaccess.exception.DataAccessLayerException: '
                                   'KER-DAH-001 --> '
                                   'org.hibernate.exception.ConstraintViolationException: '
                                   'could not execute statement; \n'
                                   'nested exception is '
                                   'javax.persistence.PersistenceException: '
                                   'org.hibernate.exceptio]',
              'successCount': 50,
              'tableName': 'registration_center',
              'timeStamp': '2021-05-23T14:52:40.451587',
              'transcationId': 'b5a8959d-c3a2-42b8-9921-5b7b6468c14b',
              'uploadedBy': 'lalith'},
 'responsetime': '2021-05-23T14:52:40.153Z',
 'version': None}

[2021-05-23 20:22:40,983]
'csvDataXlsx/template.xlsx'

[2021-05-23 20:22:40,984]
{'errors': [],
 'id': None,
 'metadata': None,
 'response': {'category': 'masterdata',
              'logs': None,
              'operation': 'insert',
              'status': 'FAILED',
              'statusDescription': '[io.mosip.kernel.core.dataaccess.exception.DataAccessLayerException: '
                                   'KER-DAH-001 --> '
                                   'org.hibernate.exception.ConstraintViolationException: '
                                   'could not execute statement; \n'
                                   'nested exception is '
                                   'javax.persistence.PersistenceException: '
                                   'org.hibernate.exceptio]',
              'successCount': 69,
              'tableName': 'template',
              'timeStamp': '2021-05-23T14:52:41.041462',
              'transcationId': '91200ce0-77bc-42be-aac8-d23d37800ce7',
              'uploadedBy': 'lalith'},
 'responsetime': '2021-05-23T14:52:40.778Z',
 'version': None}

[2021-05-23 20:22:41,295]
'csvDataXlsx/applicant_valid_document.xlsx'

[2021-05-23 20:22:41,295]
{'errors': [{'errorCode': 'ADM-BLK-002',
             'message': 'invalid field mentioned.The exception occured at line '
                        'number 1'}],
 'id': None,
 'metadata': None,
 'response': None,
 'responsetime': '2021-05-23T14:52:41.397Z',
 'version': None}

[2021-05-23 20:22:41,780]
'csvDataXlsx/valid_document.xlsx'

[2021-05-23 20:22:41,781]
{'errors': [],
 'id': None,
 'metadata': None,
 'response': {'category': 'masterdata',
              'logs': None,
              'operation': 'insert',
              'status': 'FAILED',
              'statusDescription': '[io.mosip.kernel.core.dataaccess.exception.DataAccessLayerException: '
                                   'KER-DAH-001 --> '
                                   'org.hibernate.exception.ConstraintViolationException: '
                                   'could not execute statement; \n'
                                   'nested exception is '
                                   'javax.persistence.PersistenceException: '
                                   'org.hibernate.exceptio]',
              'successCount': 1,
              'tableName': 'valid_document',
              'timeStamp': '2021-05-23T14:52:41.836366',
              'transcationId': '1c354ddc-db5e-4c60-acf4-bab653738272',
              'uploadedBy': 'lalith'},
 'responsetime': '2021-05-23T14:52:41.636Z',
 'version': None}

[2021-05-23 20:22:42,278]
'csvDataXlsx/device_master.xlsx'

[2021-05-23 20:22:42,278]
{'errors': [],
 'id': None,
 'metadata': None,
 'response': {'category': 'masterdata',
              'logs': None,
              'operation': 'insert',
              'status': 'FAILED',
              'statusDescription': '[io.mosip.kernel.core.dataaccess.exception.DataAccessLayerException: '
                                   'KER-DAH-001 --> '
                                   'org.hibernate.exception.ConstraintViolationException: '
                                   'could not execute statement; \n'
                                   'nested exception is '
                                   'javax.persistence.PersistenceException: '
                                   'org.hibernate.exceptio]',
              'successCount': 3,
              'tableName': 'device_master',
              'timeStamp': '2021-05-23T14:52:42.332020',
              'transcationId': '5acb348f-ef14-49ca-b8ea-34ade746d717',
              'uploadedBy': 'lalith'},
 'responsetime': '2021-05-23T14:52:42.110Z',
 'version': None}

[2021-05-23 20:22:42,771]
'csvDataXlsx/machine_master.xlsx'

[2021-05-23 20:22:42,772]
{'errors': [],
 'id': None,
 'metadata': None,
 'response': {'category': 'masterdata',
              'logs': None,
              'operation': 'insert',
              'status': 'FAILED',
              'statusDescription': '[io.mosip.kernel.core.dataaccess.exception.DataAccessLayerException: '
                                   'KER-DAH-001 --> '
                                   'org.hibernate.exception.ConstraintViolationException: '
                                   'could not execute statement; \n'
                                   'nested exception is '
                                   'javax.persistence.PersistenceException: '
                                   'org.hibernate.exceptio]',
              'successCount': 3,
              'tableName': 'machine_master',
              'timeStamp': '2021-05-23T14:52:42.843568',
              'transcationId': '3870d23c-791b-46aa-8c1c-3b8e217d4870',
              'uploadedBy': 'lalith'},
 'responsetime': '2021-05-23T14:52:42.604Z',
 'version': None}

[2021-05-23 20:22:43,257]
'csvDataXlsx/user_detail.xlsx'

[2021-05-23 20:22:43,257]
{'errors': [],
 'id': None,
 'metadata': None,
 'response': {'category': 'masterdata',
              'logs': None,
              'operation': 'insert',
              'status': 'FAILED',
              'statusDescription': '[io.mosip.kernel.core.dataaccess.exception.DataAccessLayerException: '
                                   'KER-DAH-001 --> '
                                   'org.hibernate.exception.ConstraintViolationException: '
                                   'could not execute statement; \n'
                                   'nested exception is '
                                   'javax.persistence.PersistenceException: '
                                   'org.hibernate.exceptio]',
              'successCount': 1,
              'tableName': 'user_detail',
              'timeStamp': '2021-05-23T14:52:43.324333',
              'transcationId': '52dae6ff-30c4-44bc-ae4f-42c12c05c2f1',
              'uploadedBy': 'lalith'},
 'responsetime': '2021-05-23T14:52:43.102Z',
 'version': None}

[2021-05-23 20:22:43,703]
'csvDataXlsx/reg_working_nonworking.xlsx'

[2021-05-23 20:22:43,703]
{'errors': [],
 'id': None,
 'metadata': None,
 'response': {'category': 'masterdata',
              'logs': None,
              'operation': 'insert',
              'status': 'FAILED',
              'statusDescription': '[io.mosip.kernel.core.dataaccess.exception.DataAccessLayerException: '
                                   'KER-DAH-001 --> '
                                   'org.hibernate.exception.ConstraintViolationException: '
                                   'could not execute statement; \n'
                                   'nested exception is '
                                   'javax.persistence.PersistenceException: '
                                   'org.hibernate.exceptio]',
              'successCount': 14,
              'tableName': 'reg_working_nonworking',
              'timeStamp': '2021-05-23T14:52:43.761007',
              'transcationId': 'a61ac9fb-cad0-49ad-b8ca-cb365cec6f88',
              'uploadedBy': 'lalith'},
 'responsetime': '2021-05-23T14:52:43.584Z',
 'version': None}

[2021-05-23 20:22:43,998]
'csvDataXlsx/reg_exceptional_holiday.xlsx'

[2021-05-23 20:22:43,999]
{'errors': [{'errorCode': 'ADM-BLK-002',
             'message': 'invalid field mentioned.The exception occured at line '
                        'number 1'}],
 'id': None,
 'metadata': None,
 'response': None,
 'responsetime': '2021-05-23T14:52:44.101Z',
 'version': None}

[2021-05-23 20:22:44,475]
'csvDataXlsx/zone_user.xlsx'

[2021-05-23 20:22:44,475]
{'errors': [],
 'id': None,
 'metadata': None,
 'response': {'category': 'masterdata',
              'logs': None,
              'operation': 'insert',
              'status': 'FAILED',
              'statusDescription': '[io.mosip.kernel.core.dataaccess.exception.DataAccessLayerException: '
                                   'KER-DAH-001 --> '
                                   'org.hibernate.exception.ConstraintViolationException: '
                                   'could not execute statement; \n'
                                   'nested exception is '
                                   'javax.persistence.PersistenceException: '
                                   'org.hibernate.exceptio]',
              'successCount': 1,
              'tableName': 'zone_user',
              'timeStamp': '2021-05-23T14:52:44.532563',
              'transcationId': 'fb6c874b-51da-4f6f-bfef-63686d00d239',
              'uploadedBy': 'lalith'},
 'responsetime': '2021-05-23T14:52:44.321Z',
 'version': None}

[2021-05-23 20:22:44,768]
'csvDataXlsx/device_master_h.xlsx'

[2021-05-23 20:22:44,769]
{'errors': [{'errorCode': 'ADM-BLK-002',
             'message': 'invalid field mentioned.The exception occured at line '
                        'number 1'}],
 'id': None,
 'metadata': None,
 'response': None,
 'responsetime': '2021-05-23T14:52:44.871Z',
 'version': None}

[2021-05-23 20:22:45,080]
'csvDataXlsx/machine_master_h.xlsx'

[2021-05-23 20:22:45,080]
{'errors': [{'errorCode': 'ADM-BLK-002',
             'message': 'invalid field mentioned.The exception occured at line '
                        'number 1'}],
 'id': None,
 'metadata': None,
 'response': None,
 'responsetime': '2021-05-23T14:52:45.180Z',
 'version': None}

[2021-05-23 20:22:45,572]
'csvDataXlsx/registration_center_h.xlsx'

[2021-05-23 20:22:45,572]
{'errors': [],
 'id': None,
 'metadata': None,
 'response': {'category': 'masterdata',
              'logs': None,
              'operation': 'insert',
              'status': 'FAILED',
              'statusDescription': '[io.mosip.kernel.core.dataaccess.exception.DataAccessLayerException: '
                                   'KER-DAH-001 --> '
                                   'org.hibernate.exception.ConstraintViolationException: '
                                   'could not execute statement; \n'
                                   'nested exception is '
                                   'javax.persistence.PersistenceException: '
                                   'org.hibernate.exceptio]',
              'successCount': 1,
              'tableName': 'registration_center_h',
              'timeStamp': '2021-05-23T14:52:45.636314',
              'transcationId': 'a5fea52f-56f0-4e7d-b635-1c5cfb5a735c',
              'uploadedBy': 'lalith'},
 'responsetime': '2021-05-23T14:52:45.418Z',
 'version': None}

[2021-05-23 20:22:45,914]
'csvDataXlsx/user_detail_h.xlsx'

[2021-05-23 20:22:45,915]
{'errors': [{'errorCode': 'ADM-BLK-002',
             'message': 'Field is missing.The exception occured at line number '
                        '2'}],
 'id': None,
 'metadata': None,
 'response': None,
 'responsetime': '2021-05-23T14:52:46.016Z',
 'version': None}

[2021-05-23 20:22:46,375]
'csvDataXlsx/zone_user_h.xlsx'

[2021-05-23 20:22:46,375]
{'errors': [],
 'id': None,
 'metadata': None,
 'response': {'category': 'masterdata',
              'logs': None,
              'operation': 'insert',
              'status': 'FAILED',
              'statusDescription': '[io.mosip.kernel.core.dataaccess.exception.DataAccessLayerException: '
                                   'KER-DAH-001 --> '
                                   'org.hibernate.exception.ConstraintViolationException: '
                                   'could not execute statement; \n'
                                   'nested exception is '
                                   'javax.persistence.PersistenceException: '
                                   'org.hibernate.exceptio]',
              'successCount': 1,
              'tableName': 'zone_user_h',
              'timeStamp': '2021-05-23T14:52:46.445289',
              'transcationId': 'e50badf4-35cb-4dfe-a2a3-faf07390e3c7',
              'uploadedBy': 'lalith'},
 'responsetime': '2021-05-23T14:52:46.243Z',
 'version': None}
