INFO:root:=============
INFO:root:'Adding machine (S540-14IWL,eng)'
INFO:root:=============
INFO:root:{'errors': [{'errorCode': 'KER-MSD-353',
             'message': 'Invalid public key provided'}],
 'id': 'string',
 'metadata': None,
 'response': None,
 'responsetime': '2020-11-27T01:36:15.283Z',
 'version': '1.0'}
INFO:root:=============
INFO:root:'Adding machine (S540-14IWL,ara)'
INFO:root:=============
INFO:root:{'errors': [{'errorCode': 'KER-MSD-999',
             'message': 'Cannot create data in secondary language as data does '
                        'not exist in primary language'}],
 'id': 'string',
 'metadata': None,
 'response': None,
 'responsetime': '2020-11-27T01:36:15.477Z',
 'version': '1.0'}
